build/app/intermediates/manifest_merge_blame_file/debug/manifest-merger-blame-debug-report.txt
1<?xml version="1.0" encoding="utf-8"?>
2<manifest xmlns:android="http://schemas.android.com/apk/res/android"
3    package="com.example.inapp_webview"
4    android:versionCode="1"
5    android:versionName="1.0.0" >
6
7    <uses-sdk
8        android:minSdkVersion="21"
9        android:targetSdkVersion="30" />
10    <!--
11         Flutter needs it to communicate with the running application
12         to allow setting breakpoints, to provide hot reload, etc.
13    -->
14    <uses-permission android:name="android.permission.INTERNET" />
14-->src/debug/AndroidManifest.xml:6:5-66
14-->src/debug/AndroidManifest.xml:6:22-64
15    <uses-permission android:name="android.permission.READ_EXTERNAL_STORAGE" />
15-->src/debug/AndroidManifest.xml:7:5-80
15-->src/debug/AndroidManifest.xml:7:22-77
16    <uses-permission android:name="android.permission.WRITE_EXTERNAL_STORAGE" />
16-->src/debug/AndroidManifest.xml:8:5-80
16-->src/debug/AndroidManifest.xml:8:22-78
17    <uses-permission android:name="android.permission.SEND_SMS" />
17-->src/debug/AndroidManifest.xml:9:5-66
17-->src/debug/AndroidManifest.xml:9:22-64
18    <uses-permission android:name="android.permission.REQUEST_INSTALL_PACKAGES" />
18-->[:open_file] AndroidManifest.xml:8:5-83
18-->[:open_file] AndroidManifest.xml:8:22-80
19
20    <queries>
20-->[:flutter_inappwebview] AndroidManifest.xml:7:5-11:15
21        <intent>
21-->[:flutter_inappwebview] AndroidManifest.xml:8:9-10:18
22            <action android:name="android.support.customtabs.action.CustomTabsService" />
22-->[:flutter_inappwebview] AndroidManifest.xml:9:13-90
22-->[:flutter_inappwebview] AndroidManifest.xml:9:21-87
23        </intent>
24    </queries>
25
26    <uses-permission android:name="android.permission.RECEIVE_BOOT_COMPLETED" />
26-->[:flutter_local_notifications] AndroidManifest.xml:7:5-81
26-->[:flutter_local_notifications] AndroidManifest.xml:7:22-78
27    <uses-permission android:name="android.permission.VIBRATE" />
27-->[:flutter_local_notifications] AndroidManifest.xml:8:5-66
27-->[:flutter_local_notifications] AndroidManifest.xml:8:22-63
28    <uses-permission android:name="android.permission.USE_FULL_SCREEN_INTENT" />
28-->[:flutter_local_notifications] AndroidManifest.xml:9:5-81
28-->[:flutter_local_notifications] AndroidManifest.xml:9:22-78
29
30    <application
30-->src/main/AndroidManifest.xml:3:4-40:19
31        android:appComponentFactory="androidx.core.app.CoreComponentFactory"
31-->[androidx.core:core:1.3.1] AndroidManifest.xml:24:18-86
32        android:debuggable="true"
33        android:icon="@mipmap/ic_launcher"
33-->src/main/AndroidManifest.xml:5:9-43
34        android:label="inapp_webview" >
34-->src/main/AndroidManifest.xml:4:9-38
35        <activity
35-->src/main/AndroidManifest.xml:6:9-34:20
36            android:name="com.example.inapp_webview.MainActivity"
36-->src/main/AndroidManifest.xml:7:13-41
37            android:configChanges="orientation|keyboardHidden|keyboard|screenSize|smallestScreenSize|locale|layoutDirection|fontScale|screenLayout|density|uiMode"
37-->src/main/AndroidManifest.xml:10:13-163
38            android:hardwareAccelerated="true"
38-->src/main/AndroidManifest.xml:11:13-47
39            android:launchMode="singleTop"
39-->src/main/AndroidManifest.xml:8:13-43
40            android:theme="@style/LaunchTheme"
40-->src/main/AndroidManifest.xml:9:13-47
41            android:windowSoftInputMode="adjustResize" >
41-->src/main/AndroidManifest.xml:12:13-55
42
43            <!--
44                 Specifies an Android theme to apply to this Activity as soon as
45                 the Android process has started. This theme is visible to the user
46                 while the Flutter UI initializes. After that, this theme continues
47                 to determine the Window background behind the Flutter UI.
48            -->
49            <meta-data
49-->src/main/AndroidManifest.xml:17:13-20:17
50                android:name="io.flutter.embedding.android.NormalTheme"
50-->src/main/AndroidManifest.xml:18:15-70
51                android:resource="@style/NormalTheme" />
51-->src/main/AndroidManifest.xml:19:15-52
52            <!--
53                 Displays an Android View that continues showing the launch screen
54                 Drawable until Flutter paints its first frame, then this splash
55                 screen fades out. A splash screen is useful to avoid any visual
56                 gap between the end of Android's launch screen and the painting of
57                 Flutter's first frame.
58            -->
59            <meta-data
59-->src/main/AndroidManifest.xml:26:13-29:17
60                android:name="io.flutter.embedding.android.SplashScreenDrawable"
60-->src/main/AndroidManifest.xml:27:15-79
61                android:resource="@drawable/launch_background" />
61-->src/main/AndroidManifest.xml:28:15-61
62
63            <intent-filter>
63-->src/main/AndroidManifest.xml:30:13-33:29
64                <action android:name="android.intent.action.MAIN" />
64-->src/main/AndroidManifest.xml:31:17-68
64-->src/main/AndroidManifest.xml:31:25-66
65
66                <category android:name="android.intent.category.LAUNCHER" />
66-->src/main/AndroidManifest.xml:32:17-76
66-->src/main/AndroidManifest.xml:32:27-74
67            </intent-filter>
68        </activity>
69        <!--
70             Don't delete the meta-data below.
71             This is used by the Flutter tool to generate GeneratedPluginRegistrant.java
72        -->
73        <meta-data
73-->src/main/AndroidManifest.xml:37:9-39:33
74            android:name="flutterEmbedding"
74-->src/main/AndroidManifest.xml:38:13-44
75            android:value="2" />
75-->src/main/AndroidManifest.xml:39:13-30
76
77        <provider
77-->[:open_file] AndroidManifest.xml:12:9-21:20
78            android:name="com.crazecoder.openfile.FileProvider"
78-->[:open_file] AndroidManifest.xml:13:13-64
79            android:authorities="com.example.inapp_webview.fileProvider.com.crazecoder.openfile"
79-->[:open_file] AndroidManifest.xml:14:13-88
80            android:exported="false"
80-->[:open_file] AndroidManifest.xml:15:13-37
81            android:grantUriPermissions="true" >
81-->[:open_file] AndroidManifest.xml:16:13-47
82            <meta-data
82-->[:open_file] AndroidManifest.xml:18:13-20:53
83                android:name="android.support.FILE_PROVIDER_PATHS"
83-->[:open_file] AndroidManifest.xml:19:17-67
84                android:resource="@xml/filepaths" />
84-->[:open_file] AndroidManifest.xml:20:17-50
85        </provider>
86
87        <activity
87-->[:url_launcher] AndroidManifest.xml:8:9-11:74
88            android:name="io.flutter.plugins.urllauncher.WebViewActivity"
88-->[:url_launcher] AndroidManifest.xml:9:13-74
89            android:exported="false"
89-->[:url_launcher] AndroidManifest.xml:10:13-37
90            android:theme="@android:style/Theme.NoTitleBar.Fullscreen" />
90-->[:url_launcher] AndroidManifest.xml:11:13-71
91        <activity
91-->[:flutter_inappwebview] AndroidManifest.xml:14:9-17:47
92            android:name="com.pichillilorenzo.flutter_inappwebview.in_app_browser.InAppBrowserActivity"
92-->[:flutter_inappwebview] AndroidManifest.xml:15:13-104
93            android:configChanges="orientation|keyboardHidden|keyboard|screenSize|locale|layoutDirection|fontScale|screenLayout|density"
93-->[:flutter_inappwebview] AndroidManifest.xml:16:13-137
94            android:theme="@style/AppTheme" />
94-->[:flutter_inappwebview] AndroidManifest.xml:17:13-44
95        <activity
95-->[:flutter_inappwebview] AndroidManifest.xml:18:9-20:55
96            android:name="com.pichillilorenzo.flutter_inappwebview.chrome_custom_tabs.ChromeCustomTabsActivity"
96-->[:flutter_inappwebview] AndroidManifest.xml:19:13-112
97            android:theme="@style/ThemeTransparent" />
97-->[:flutter_inappwebview] AndroidManifest.xml:20:13-52
98
99        <receiver android:name="com.pichillilorenzo.flutter_inappwebview.chrome_custom_tabs.ActionBroadcastReceiver" />
99-->[:flutter_inappwebview] AndroidManifest.xml:22:9-120
99-->[:flutter_inappwebview] AndroidManifest.xml:22:19-117
100
101        <meta-data
101-->[:flutter_inappwebview] AndroidManifest.xml:24:9-26:36
102            android:name="io.flutter.embedded_views_preview"
102-->[:flutter_inappwebview] AndroidManifest.xml:25:13-61
103            android:value="true" />
103-->[:flutter_inappwebview] AndroidManifest.xml:26:13-33
104
105        <receiver android:name="com.dexterous.flutterlocalnotifications.ScheduledNotificationReceiver" />
105-->[:flutter_local_notifications] AndroidManifest.xml:12:9-106
105-->[:flutter_local_notifications] AndroidManifest.xml:12:19-103
106        <receiver android:name="com.dexterous.flutterlocalnotifications.ScheduledNotificationBootReceiver" >
106-->[:flutter_local_notifications] AndroidManifest.xml:13:9-20:20
106-->[:flutter_local_notifications] AndroidManifest.xml:13:19-107
107            <intent-filter>
107-->[:flutter_local_notifications] AndroidManifest.xml:14:13-19:29
108                <action android:name="android.intent.action.BOOT_COMPLETED" />
108-->[:flutter_local_notifications] AndroidManifest.xml:15:17-79
108-->[:flutter_local_notifications] AndroidManifest.xml:15:25-76
109                <action android:name="android.intent.action.MY_PACKAGE_REPLACED" />
109-->[:flutter_local_notifications] AndroidManifest.xml:16:17-84
109-->[:flutter_local_notifications] AndroidManifest.xml:16:25-81
110                <action android:name="android.intent.action.QUICKBOOT_POWERON" />
110-->[:flutter_local_notifications] AndroidManifest.xml:17:17-82
110-->[:flutter_local_notifications] AndroidManifest.xml:17:25-79
111                <action android:name="com.htc.intent.action.QUICKBOOT_POWERON" />
111-->[:flutter_local_notifications] AndroidManifest.xml:18:17-82
111-->[:flutter_local_notifications] AndroidManifest.xml:18:25-79
112            </intent-filter>
113        </receiver>
114
115        <provider
115-->[:share] AndroidManifest.xml:8:9-16:20
116            android:name="io.flutter.plugins.share.ShareFileProvider"
116-->[:share] AndroidManifest.xml:9:13-70
117            android:authorities="com.example.inapp_webview.flutter.share_provider"
117-->[:share] AndroidManifest.xml:10:13-74
118            android:exported="false"
118-->[:share] AndroidManifest.xml:11:13-37
119            android:grantUriPermissions="true" >
119-->[:share] AndroidManifest.xml:12:13-47
120            <meta-data
120-->[:open_file] AndroidManifest.xml:18:13-20:53
121                android:name="android.support.FILE_PROVIDER_PATHS"
121-->[:open_file] AndroidManifest.xml:19:17-67
122                android:resource="@xml/flutter_share_file_paths" />
122-->[:open_file] AndroidManifest.xml:20:17-50
123        </provider>
124    </application>
125
126</manifest>